#
# There is insufficient memory for the Java Runtime Environment to continue.
# Native memory allocation (mmap) failed to map 130023424 bytes for G1 virtual space
# Possible reasons:
#   The system is out of physical RAM or swap space
#   The process is running with CompressedOops enabled, and the Java Heap may be blocking the growth of the native heap
# Possible solutions:
#   Reduce memory load on the system
#   Increase physical memory or swap space
#   Check if swap backing store is full
#   Decrease Java heap size (-Xmx/-Xms)
#   Decrease number of Java threads
#   Decrease Java thread stack sizes (-Xss)
#   Set larger code cache with -XX:ReservedCodeCacheSize=
#   JVM is running with Unscaled Compressed Oops mode in which the Java heap is
#     placed in the first 4GB address space. The Java Heap base address is the
#     maximum limit for the native heap growth. Please use -XX:HeapBaseMinAddress
#     to set the Java Heap base and to place the Java Heap above 4GB virtual address.
# This output file may be truncated or incomplete.
#
#  Out of Memory Error (os_windows.cpp:3528), pid=11044, tid=10292
#
# JRE version:  (20.0.2+9) (build )
# Java VM: Java HotSpot(TM) 64-Bit Server VM (20.0.2+9-78, mixed mode, sharing, tiered, compressed oops, compressed class ptrs, g1 gc, windows-amd64)
# No core dump will be written. Minidumps are not enabled by default on client versions of Windows
#

---------------  S U M M A R Y ------------

Command Line: -Dfile.encoding=UTF-8 -Dstdout.encoding=UTF-8 -Dstderr.encoding=UTF-8 --module-path=C:\Users\mahes\eclipse-workspace\Devendra\bin -XX:+ShowCodeDetailsInExceptionMessages -Djdk.module.main=Devendra Devendra/com.Matrimonyportal

Host: 11th Gen Intel(R) Core(TM) i5-1135G7 @ 2.40GHz, 8 cores, 7G,  Windows 11 , 64 bit Build 22621 (10.0.22621.3235)
Time: Sat Mar 16 08:46:01 2024 India Standard Time elapsed time: 0.147125 seconds (0d 0h 0m 0s)

---------------  T H R E A D  ---------------

Current thread (0x00000191de0ed970):  JavaThread "Unknown thread" [_thread_in_vm, id=10292, stack(0x0000002a7d500000,0x0000002a7d600000)]

Stack: [0x0000002a7d500000,0x0000002a7d600000]
Native frames: (J=compiled Java code, j=interpreted, Vv=VM code, C=native code)
V  [jvm.dll+0x6bc25a]
V  [jvm.dll+0x84971a]
V  [jvm.dll+0x84b315]
V  [jvm.dll+0x84ba13]
V  [jvm.dll+0x280e4f]
V  [jvm.dll+0x6b8fe9]
V  [jvm.dll+0x6adbca]
V  [jvm.dll+0x35b165]
V  [jvm.dll+0x363386]
V  [jvm.dll+0x3b400e]
V  [jvm.dll+0x3b4295]
V  [jvm.dll+0x32b86a]
V  [jvm.dll+0x32c68b]
V  [jvm.dll+0x8123df]
V  [jvm.dll+0x3c1261]
V  [jvm.dll+0x7fe103]
V  [jvm.dll+0x44ccaf]
V  [jvm.dll+0x44e621]
C  [jli.dll+0x5287]
C  [ucrtbase.dll+0x29363]
C  [KERNEL32.DLL+0x1257d]
C  [ntdll.dll+0x5aa58]


---------------  P R O C E S S  ---------------

Threads class SMR info:
_java_thread_list=0x00007ffc8803b118, length=0, elements={
}

Java Threads: ( => current thread )

Other Threads:
  0x00000191de14dc80 WorkerThread "GC Thread#0" [stack: 0x0000002a7d600000,0x0000002a7d700000] [id=15960]
  0x00000191de15e310 ConcurrentGCThread "G1 Main Marker" [stack: 0x0000002a7d700000,0x0000002a7d800000] [id=10860]
  0x00000191de15ed40 WorkerThread "G1 Conc#0" [stack: 0x0000002a7d800000,0x0000002a7d900000] [id=16936]

[error occurred during error reporting (printing all threads), id 0xc0000005, EXCEPTION_ACCESS_VIOLATION (0xc0000005) at pc=0x00007ffc8781eea7]
VM state: not at safepoint (not fully initialized)

VM Mutex/Monitor currently owned by a thread:  ([mutex/lock_event])
[0x00000191de0e9340] Heap_lock - owner thread: 0x00000191de0ed970

Heap address: 0x0000000084400000, size: 1980 MB, Compressed Oops mode: 32-bit

CDS archive(s) mapped at: [0x0000000000000000-0x0000000000000000-0x0000000000000000), size 0, SharedBaseAddress: 0x0000000800000000, ArchiveRelocationMode: 1.
Narrow klass base: 0x0000000000000000, Narrow klass shift: 0, Narrow klass range: 0x0

GC Precious Log:
 CardTable entry size: 512
 Card Set container configuration: InlinePtr #cards 5 size 8 Array Of Cards #cards 12 size 40 Howl #buckets 4 coarsen threshold 1843 Howl Bitmap #cards 512 size 80 coarsen threshold 460 Card regions per heap region 1 cards per card region 2048

Heap:
 garbage-first heap   total 0K, used 0K [0x0000000084400000, 0x0000000100000000)
  region size 1024K, 0 young (0K), 0 survivors (0K)

[error occurred during error reporting (printing heap information), id 0xc0000005, EXCEPTION_ACCESS_VIOLATION (0xc0000005) at pc=0x00007ffc87bf47b9]
GC Heap History (0 events):
No events

Dll operation events (1 events):
Event: 0.024 Loaded shared library C:\Program Files\Java\jdk-20\bin\java.dll

Deoptimization events (0 events):
No events

Classes loaded (0 events):
No events

Classes unloaded (0 events):
No events

Classes redefined (0 events):
No events

Internal exceptions (0 events):
No events

VM Operations (0 events):
No events

Events (0 events):
No events


Dynamic libraries:
0x00007ff679050000 - 0x00007ff679060000 	C:\Program Files\Java\jdk-20\bin\javaw.exe
0x00007ffceb810000 - 0x00007ffceba26000 	C:\Windows\SYSTEM32\ntdll.dll
0x00007ffcea220000 - 0x00007ffcea2e4000 	C:\Windows\System32\KERNEL32.DLL
0x00007ffce8c70000 - 0x00007ffce9016000 	C:\Windows\System32\KERNELBASE.dll
0x00007ffce9440000 - 0x00007ffce9551000 	C:\Windows\System32\ucrtbase.dll
0x00007ffccba50000 - 0x00007ffccba69000 	C:\Program Files\Java\jdk-20\bin\jli.dll
0x00007ffceb030000 - 0x00007ffceb0e2000 	C:\Windows\System32\ADVAPI32.dll
0x00007ffce98a0000 - 0x00007ffce9947000 	C:\Windows\System32\msvcrt.dll
0x00007ffcea5e0000 - 0x00007ffcea688000 	C:\Windows\System32\sechost.dll
0x00007ffce9230000 - 0x00007ffce9258000 	C:\Windows\System32\bcrypt.dll
0x00007ffce96e0000 - 0x00007ffce97f5000 	C:\Windows\System32\RPCRT4.dll
0x00007ffce99f0000 - 0x00007ffce9b9d000 	C:\Windows\System32\USER32.dll
0x00007ffce9200000 - 0x00007ffce9226000 	C:\Windows\System32\win32u.dll
0x00007ffce99b0000 - 0x00007ffce99d9000 	C:\Windows\System32\GDI32.dll
0x00007ffce8b50000 - 0x00007ffce8c68000 	C:\Windows\System32\gdi32full.dll
0x00007ffce9260000 - 0x00007ffce92fa000 	C:\Windows\System32\msvcp_win.dll
0x00007ffcc9480000 - 0x00007ffcc949b000 	C:\Program Files\Java\jdk-20\bin\VCRUNTIME140.dll
0x00007ffccfe10000 - 0x00007ffcd00a3000 	C:\Windows\WinSxS\amd64_microsoft.windows.common-controls_6595b64144ccf1df_6.0.22621.3235_none_270f74e173860f98\COMCTL32.dll
0x00007ffcdbd90000 - 0x00007ffcdbd9a000 	C:\Windows\SYSTEM32\VERSION.dll
0x00007ffce9950000 - 0x00007ffce9981000 	C:\Windows\System32\IMM32.DLL
0x00007ffccd970000 - 0x00007ffccd97c000 	C:\Program Files\Java\jdk-20\bin\vcruntime140_1.dll
0x00007ffcb1f60000 - 0x00007ffcb1fee000 	C:\Program Files\Java\jdk-20\bin\msvcp140.dll
0x00007ffc874e0000 - 0x00007ffc88178000 	C:\Program Files\Java\jdk-20\bin\server\jvm.dll
0x00007ffccd300000 - 0x00007ffccd309000 	C:\Windows\SYSTEM32\WSOCK32.dll
0x00007ffce9560000 - 0x00007ffce95d1000 	C:\Windows\System32\WS2_32.dll
0x00007ffcdf3c0000 - 0x00007ffcdf3f4000 	C:\Windows\SYSTEM32\WINMM.dll
0x00007ffce7c80000 - 0x00007ffce7c98000 	C:\Windows\SYSTEM32\kernel.appcore.dll
0x00007ffccc050000 - 0x00007ffccc05a000 	C:\Program Files\Java\jdk-20\bin\jimage.dll
0x00007ffce63f0000 - 0x00007ffce6623000 	C:\Windows\SYSTEM32\DBGHELP.DLL
0x00007ffce9bc0000 - 0x00007ffce9f48000 	C:\Windows\System32\combase.dll
0x00007ffcea0f0000 - 0x00007ffcea1c7000 	C:\Windows\System32\OLEAUT32.dll
0x00007ffcdec60000 - 0x00007ffcdec92000 	C:\Windows\SYSTEM32\dbgcore.DLL
0x00007ffce9300000 - 0x00007ffce937a000 	C:\Windows\System32\bcryptPrimitives.dll
0x00007ffcb2720000 - 0x00007ffcb2746000 	C:\Program Files\Java\jdk-20\bin\java.dll

dbghelp: loaded successfully - version: 4.0.5 - missing functions: none
symbol engine: initialized successfully - sym options: 0x614 - pdb path: .;C:\Program Files\Java\jdk-20\bin;C:\Windows\SYSTEM32;C:\Windows\WinSxS\amd64_microsoft.windows.common-controls_6595b64144ccf1df_6.0.22621.3235_none_270f74e173860f98;C:\Program Files\Java\jdk-20\bin\server

VM Arguments:
jvm_args: -Dfile.encoding=UTF-8 -Dstdout.encoding=UTF-8 -Dstderr.encoding=UTF-8 --module-path=C:\Users\mahes\eclipse-workspace\Devendra\bin -XX:+ShowCodeDetailsInExceptionMessages -Djdk.module.main=Devendra 
java_command: Devendra/com.Matrimonyportal
java_class_path (initial): <not set>
Launcher Type: SUN_STANDARD

[Global flags]
     intx CICompilerCount                          = 4                                         {product} {ergonomic}
     uint ConcGCThreads                            = 2                                         {product} {ergonomic}
     uint G1ConcRefinementThreads                  = 8                                         {product} {ergonomic}
   size_t G1HeapRegionSize                         = 1048576                                   {product} {ergonomic}
    uintx GCDrainStackTargetSize                   = 64                                        {product} {ergonomic}
   size_t InitialHeapSize                          = 130023424                                 {product} {ergonomic}
   size_t MarkStackSize                            = 4194304                                   {product} {ergonomic}
   size_t MaxHeapSize                              = 2076180480                                {product} {ergonomic}
   size_t MinHeapDeltaBytes                        = 1048576                                   {product} {ergonomic}
   size_t MinHeapSize                              = 8388608                                   {product} {ergonomic}
    uintx NonNMethodCodeHeapSize                   = 5839372                                {pd product} {ergonomic}
    uintx NonProfiledCodeHeapSize                  = 122909434                              {pd product} {ergonomic}
    uintx ProfiledCodeHeapSize                     = 122909434                              {pd product} {ergonomic}
    uintx ReservedCodeCacheSize                    = 251658240                              {pd product} {ergonomic}
     bool SegmentedCodeCache                       = true                                      {product} {ergonomic}
     bool ShowCodeDetailsInExceptionMessages       = true                                   {manageable} {command line}
   size_t SoftMaxHeapSize                          = 2076180480                             {manageable} {ergonomic}
     bool UseCompressedClassPointers               = true                           {product lp64_product} {ergonomic}
     bool UseCompressedOops                        = true                           {product lp64_product} {ergonomic}
     bool UseG1GC                                  = true                                      {product} {ergonomic}
     bool UseLargePagesIndividualAllocation        = false                                  {pd product} {ergonomic}

Logging:
Log output configuration:
 #0: stdout all=warning uptime,level,tags foldmultilines=false
 #1: stderr all=off uptime,level,tags foldmultilines=false

Environment Variables:
JAVA_HOME=C:\Program Files\Java\jdk-20
PATH=C:\Program Files\Common Files\Oracle\Java\javapath;C:\Program Files\Python311\Scripts\;C:\Program Files\Python311\;C:\Windows\system32;C:\Windows;C:\Windows\System32\Wbem;C:\Windows\System32\WindowsPowerShell\v1.0\;C:\Windows\System32\OpenSSH\;C:\Program Files\NVIDIA Corporation\NVIDIA NvDLISR;C:\Windows\system32;C:\Windows;C:\Windows\System32\Wbem;C:\Windows\System32\WindowsPowerShell\v1.0\;C:\Windows\System32\OpenSSH\;C:\Program Files\dotnet\;C:\Program Files\Microsoft SQL Server\130\Tools\Binn\;C:\Program Files\Microsoft SQL Server\Client SDK\ODBC\170\Tools\Binn\;C:\Program Files (x86)\Microsoft SQL Server\160\Tools\Binn\;C:\Program Files\Microsoft SQL Server\160\Tools\Binn\;C:\Program Files\Microsoft SQL Server\160\DTS\Binn\;C:\Program Files (x86)\Microsoft SQL Server\160\DTS\Binn\;C:\Program Files\Azure Data Studio\bin;C:\Program Files\Java\jdk-20\bin;C:\Program Files\Common Files\Oracle\Java\javapath;C:\Program Files\Git\cmd;C:\Program Files\nodejs\;C:\Program Files\MySQL\MySQL Server 8.0\bin;C:\Program Files (x86)\NVIDIA Corporation\PhysX\Common;C:\Program Files\MySQL\MySQL Server 8.0\bin;C:\Program Files\Python311\Scripts;C:\Program Files\Python311;C:\Program Files\MySQL\MySQL Shell 8.0\bin\;C:\Users\mahes\AppData\Local\Microsoft\WindowsApps;C:\Users\mahes\AppData\Local\Programs\Microsoft VS Code\bin;C:\Program Files\Azure Data Studio\bin;C:\Users\mahes\AppData\Local\atom\bin;C:\Users\mahes\AppData\Roaming\npm;C:\Program Files\Python311\Scripts;
USERNAME=mahes
OS=Windows_NT
PROCESSOR_IDENTIFIER=Intel64 Family 6 Model 140 Stepping 1, GenuineIntel
TMP=C:\Users\mahes\AppData\Local\Temp
TEMP=C:\Users\mahes\AppData\Local\Temp




---------------  S Y S T E M  ---------------

OS:
 Windows 11 , 64 bit Build 22621 (10.0.22621.3235)
OS uptime: 1 days 17:23 hours

CPU: total 8 (initial active 8) (4 cores per cpu, 2 threads per core) family 6 model 140 stepping 1 microcode 0xb4, cx8, cmov, fxsr, ht, mmx, 3dnowpref, sse, sse2, sse3, ssse3, sse4.1, sse4.2, popcnt, lzcnt, tsc, tscinvbit, avx, avx2, aes, erms, clmul, bmi1, bmi2, adx, avx512f, avx512dq, avx512cd, avx512bw, avx512vl, sha, fma, vzeroupper, avx512_vpopcntdq, avx512_vpclmulqdq, avx512_vaes, avx512_vnni, clflush, clflushopt, clwb, avx512_vbmi2, avx512_vbmi, rdtscp, rdpid, fsrm, gfni, avx512_bitalg, f16c, pku, cet_ibt, cet_ss, avx512_ifma

Memory: 4k page, system-wide physical 7914M (660M free)
TotalPageFile size 32490M (AvailPageFile size 83M)
current process WorkingSet (physical memory assigned to process): 10M, peak: 10M
current process commit charge ("private bytes"): 60M, peak: 184M

vm_info: Java HotSpot(TM) 64-Bit Server VM (20.0.2+9-78) for windows-amd64 JRE (20.0.2+9-78), built on 2023-06-14T10:08:48Z by "mach5one" with MS VC++ 17.1 (VS2022)

END.
